<?xml version="1.0" encoding="UTF-8"?>
<testsuite name="test"
           tests="47"
           failures="0"
           errors="0"
           skipped="0"
           time="37.760">
  <properties />
  
  
            <testcase name="API Test" time="0.036" classname="runTestCase.HTTPReqGenTest (API Test)" />
                <testcase name="API Test" time="5.067" classname="runTestCase.HTTPReqGenTest (API Test)" />
                <testcase name="API Test" time="3.598" classname="runTestCase.HTTPReqGenTest (API Test)" />
                <testcase name="API Test" time="0.039" classname="runTestCase.HTTPReqGenTest (API Test)" />
                <testcase name="API Test" time="0.074" classname="runTestCase.HTTPReqGenTest (API Test)" />
                <testcase name="API Test" time="0.085" classname="runTestCase.HTTPReqGenTest (API Test)" />
                <testcase name="API Test" time="0.500" classname="runTestCase.HTTPReqGenTest (API Test)" />
                <testcase name="API Test" time="5.483" classname="runTestCase.HTTPReqGenTest (API Test)" />
                <testcase name="API Test" time="0.343" classname="runTestCase.HTTPReqGenTest (API Test)" />
                <testcase name="API Test" time="0.173" classname="runTestCase.HTTPReqGenTest (API Test)" />
                <testcase name="API Test" time="0.058" classname="runTestCase.HTTPReqGenTest (API Test)" />
                <testcase name="API Test" time="0.089" classname="runTestCase.HTTPReqGenTest (API Test)" />
                <testcase name="API Test" time="0.229" classname="runTestCase.HTTPReqGenTest (API Test)" />
                <testcase name="API Test" time="0.165" classname="runTestCase.HTTPReqGenTest (API Test)" />
                <testcase name="API Test" time="0.029" classname="runTestCase.HTTPReqGenTest (API Test)" />
                <testcase name="API Test" time="0.036" classname="runTestCase.HTTPReqGenTest (API Test)" />
                <testcase name="API Test" time="0.081" classname="runTestCase.HTTPReqGenTest (API Test)" />
                <testcase name="API Test" time="0.078" classname="runTestCase.HTTPReqGenTest (API Test)" />
                <testcase name="API Test" time="0.042" classname="runTestCase.HTTPReqGenTest (API Test)" />
                <testcase name="API Test" time="0.114" classname="runTestCase.HTTPReqGenTest (API Test)" />
                <testcase name="API Test" time="0.099" classname="runTestCase.HTTPReqGenTest (API Test)" />
                <testcase name="API Test" time="2.055" classname="runTestCase.HTTPReqGenTest (API Test)" />
                <testcase name="API Test" time="0.215" classname="runTestCase.HTTPReqGenTest (API Test)" />
                <testcase name="API Test" time="0.558" classname="runTestCase.HTTPReqGenTest (API Test)" />
                <testcase name="API Test" time="0.164" classname="runTestCase.HTTPReqGenTest (API Test)" />
                <testcase name="API Test" time="0.030" classname="runTestCase.HTTPReqGenTest (API Test)" />
                <testcase name="API Test" time="0.291" classname="runTestCase.HTTPReqGenTest (API Test)" />
                <testcase name="API Test" time="5.051" classname="runTestCase.HTTPReqGenTest (API Test)" />
                <testcase name="API Test" time="0.046" classname="runTestCase.HTTPReqGenTest (API Test)" />
                <testcase name="API Test" time="0.079" classname="runTestCase.HTTPReqGenTest (API Test)" />
                <testcase name="API Test" time="0.031" classname="runTestCase.HTTPReqGenTest (API Test)" />
                <testcase name="API Test" time="0.039" classname="runTestCase.HTTPReqGenTest (API Test)" />
                <testcase name="API Test" time="0.044" classname="runTestCase.HTTPReqGenTest (API Test)" />
                <testcase name="API Test" time="5.062" classname="runTestCase.HTTPReqGenTest (API Test)" />
                <testcase name="API Test" time="0.335" classname="runTestCase.HTTPReqGenTest (API Test)" />
                <testcase name="API Test" time="0.078" classname="runTestCase.HTTPReqGenTest (API Test)" />
                <testcase name="API Test" time="0.042" classname="runTestCase.HTTPReqGenTest (API Test)" />
                <testcase name="API Test" time="0.252" classname="runTestCase.HTTPReqGenTest (API Test)" />
                <testcase name="API Test" time="0.070" classname="runTestCase.HTTPReqGenTest (API Test)" />
                <testcase name="API Test" time="0.151" classname="runTestCase.HTTPReqGenTest (API Test)" />
                <testcase name="API Test" time="0.036" classname="runTestCase.HTTPReqGenTest (API Test)" />
                <testcase name="API Test" time="0.089" classname="runTestCase.HTTPReqGenTest (API Test)" />
                <testcase name="API Test" time="1.255" classname="runTestCase.HTTPReqGenTest (API Test)" />
                <testcase name="API Test" time="0.044" classname="runTestCase.HTTPReqGenTest (API Test)" />
                <testcase name="API Test" time="0.108" classname="runTestCase.HTTPReqGenTest (API Test)" />
                <testcase name="API Test" time="0.044" classname="runTestCase.HTTPReqGenTest (API Test)" />
                <testcase name="API Test" time="5.173" classname="runTestCase.HTTPReqGenTest (API Test)" />
      
</testsuite>
